During running unit tests, at least one test fails, only with Java13:


```
[WARNING] Tests run: 156, Failures: 0, Errors: 0, Skipped: 2, Time elapsed: 3.288 s - in xquery.arrays.ArrayTests
1466[WARNING] Tests run: 458, Failures: 0, Errors: 0, Skipped: 3, Time elapsed: 34.446 s - in xquery.xquery3.XQuery3Tests
1467[INFO] Tests run: 58, Failures: 0, Errors: 0, Skipped: 0, Time elapsed: 33.929 s - in xquery.optimizer.OptimizerTests
1468[INFO] 
1469[INFO] Results:
1470[INFO] 
1471[ERROR] Errors: 
1472[ERROR]   VariableByteStreamTest.copyTo:82 Â» ArrayIndexOutOfBounds Index 3106157 out of ...
1473[INFO] 
1474[ERROR] Tests run: 4673, Failures: 0, Errors: 1, Skipped: 102
1475[INFO] 
```