Please answer these questions before submitting your issue. Thanks!
开源不易，我们希望将精力放在完成新功能和解决有价值的问题上，为了让大家的配合更具有效率，请填写以下列出的全部问题

### Which version of Sharding-Sphere do you using?（您使用的Sharding-Sphere版本为？）
3.0.0.M1 , branch : master , mac , jdk1.8.0_151
### Expected behavior （您预期的结果是）
Is there any different between (run mvn test on module) and (run on single Class) ?
mvn test pass
### Actual behavior （实际运行的结果是）
Run ExecuteEventListenerTest's single method test , pass
Run ExecuteEventListenerTest's single class test , pass
Run AllTests.java in module sharding-opentracing , pass

**Run mvn test on module sharding-opentracing , fail**

the report is :
-------------------------------------------------------
 T E S T S
-------------------------------------------------------
Running io.shardingsphere.opentracing.ShardingJDBCTracerTest
Tests run: 3, Failures: 0, Errors: 0, Skipped: 0, Time elapsed: 0.472 sec
Running io.shardingsphere.opentracing.config.ConfigurationLoaderTest
Tests run: 1, Failures: 0, Errors: 0, Skipped: 0, Time elapsed: 0 sec
Running io.shardingsphere.opentracing.ExecuteEventListenerTest
Tests run: 2, Failures: 2, Errors: 0, Skipped: 0, Time elapsed: 0.511 sec <<< FAILURE!
assertMultiStatement(io.shardingsphere.opentracing.ExecuteEventListenerTest)  Time elapsed: 0.437 sec  <<< FAILURE!
java.lang.AssertionError: 
Expected: is <3>
     but: was <7>
	at org.hamcrest.MatcherAssert.assertThat(MatcherAssert.java:20)
	at org.junit.Assert.assertThat(Assert.java:956)
	at org.junit.Assert.assertThat(Assert.java:923)
	at io.shardingsphere.opentracing.ExecuteEventListenerTest.assertMultiStatement(ExecuteEventListenerTest.java:92)
	at sun.reflect.NativeMethodAccessorImpl.invoke0(Native Method)
	at sun.reflect.NativeMethodAccessorImpl.invoke(NativeMethodAccessorImpl.java:62)
	at sun.reflect.DelegatingMethodAccessorImpl.invoke(DelegatingMethodAccessorImpl.java:43)
	at java.lang.reflect.Method.invoke(Method.java:498)
	at org.junit.runners.model.FrameworkMethod$1.runReflectiveCall(FrameworkMethod.java:50)
	at org.junit.internal.runners.model.ReflectiveCallable.run(ReflectiveCallable.java:12)
	at org.junit.runners.model.FrameworkMethod.invokeExplosively(FrameworkMethod.java:47)
	at org.junit.internal.runners.statements.InvokeMethod.evaluate(InvokeMethod.java:17)
	at org.junit.internal.runners.statements.RunBefores.evaluate(RunBefores.java:26)
	at org.junit.runners.ParentRunner.runLeaf(ParentRunner.java:325)
	at org.junit.runners.BlockJUnit4ClassRunner.runChild(BlockJUnit4ClassRunner.java:78)
	at org.junit.runners.BlockJUnit4ClassRunner.runChild(BlockJUnit4ClassRunner.java:57)
	at org.junit.runners.ParentRunner$3.run(ParentRunner.java:290)
	at org.junit.runners.ParentRunner$1.schedule(ParentRunner.java:71)
	at org.junit.runners.ParentRunner.runChildren(ParentRunner.java:288)
	at org.junit.runners.ParentRunner.access$000(ParentRunner.java:58)
	at org.junit.runners.ParentRunner$2.evaluate(ParentRunner.java:268)
	at org.junit.internal.runners.statements.RunBefores.evaluate(RunBefores.java:26)
	at org.junit.runners.ParentRunner.run(ParentRunner.java:363)
	at org.apache.maven.surefire.junit4.JUnit4Provider.execute(JUnit4Provider.java:252)
	at org.apache.maven.surefire.junit4.JUnit4Provider.executeTestSet(JUnit4Provider.java:141)
	at org.apache.maven.surefire.junit4.JUnit4Provider.invoke(JUnit4Provider.java:112)
	at sun.reflect.NativeMethodAccessorImpl.invoke0(Native Method)
	at sun.reflect.NativeMethodAccessorImpl.invoke(NativeMethodAccessorImpl.java:62)
	at sun.reflect.DelegatingMethodAccessorImpl.invoke(DelegatingMethodAccessorImpl.java:43)
	at java.lang.reflect.Method.invoke(Method.java:498)
	at org.apache.maven.surefire.util.ReflectionUtils.invokeMethodWithArray(ReflectionUtils.java:189)
	at org.apache.maven.surefire.booter.ProviderFactory$ProviderProxy.invoke(ProviderFactory.java:165)
	at org.apache.maven.surefire.booter.ProviderFactory.invokeProvider(ProviderFactory.java:85)
	at org.apache.maven.plugin.surefire.InPluginVMSurefireStarter.runSuitesInProcess(InPluginVMSurefireStarter.java:80)
	at org.apache.maven.plugin.surefire.AbstractSurefireMojo.executeProvider(AbstractSurefireMojo.java:724)
	at org.apache.maven.plugin.surefire.AbstractSurefireMojo.executeAllProviders(AbstractSurefireMojo.java:682)
	at org.apache.maven.plugin.surefire.AbstractSurefireMojo.executeAfterPreconditionsChecked(AbstractSurefireMojo.java:648)
	at org.apache.maven.plugin.surefire.AbstractSurefireMojo.execute(AbstractSurefireMojo.java:586)
	at org.apache.maven.plugin.DefaultBuildPluginManager.executeMojo(DefaultBuildPluginManager.java:134)
	at org.apache.maven.lifecycle.internal.MojoExecutor.execute(MojoExecutor.java:208)
	at org.apache.maven.lifecycle.internal.MojoExecutor.execute(MojoExecutor.java:154)
	at org.apache.maven.lifecycle.internal.MojoExecutor.execute(MojoExecutor.java:146)
	at org.apache.maven.lifecycle.internal.LifecycleModuleBuilder.buildProject(LifecycleModuleBuilder.java:117)
	at org.apache.maven.lifecycle.internal.LifecycleModuleBuilder.buildProject(LifecycleModuleBuilder.java:81)
	at org.apache.maven.lifecycle.internal.builder.singlethreaded.SingleThreadedBuilder.build(SingleThreadedBuilder.java:51)
	at org.apache.maven.lifecycle.internal.LifecycleStarter.execute(LifecycleStarter.java:128)
	at org.apache.maven.DefaultMaven.doExecute(DefaultMaven.java:309)
	at org.apache.maven.DefaultMaven.doExecute(DefaultMaven.java:194)
	at org.apache.maven.DefaultMaven.execute(DefaultMaven.java:107)
	at org.apache.maven.cli.MavenCli.execute(MavenCli.java:955)
	at org.apache.maven.cli.MavenCli.doMain(MavenCli.java:290)
	at org.apache.maven.cli.MavenCli.main(MavenCli.java:194)
	at sun.reflect.NativeMethodAccessorImpl.invoke0(Native Method)
	at sun.reflect.NativeMethodAccessorImpl.invoke(NativeMethodAccessorImpl.java:62)
	at sun.reflect.DelegatingMethodAccessorImpl.invoke(DelegatingMethodAccessorImpl.java:43)
	at java.lang.reflect.Method.invoke(Method.java:498)
	at org.codehaus.plexus.classworlds.launcher.Launcher.launchEnhanced(Launcher.java:289)
	at org.codehaus.plexus.classworlds.launcher.Launcher.launch(Launcher.java:229)
	at org.codehaus.plexus.classworlds.launcher.Launcher.mainWithExitCode(Launcher.java:415)
	at org.codehaus.plexus.classworlds.launcher.Launcher.main(Launcher.java:356)
	at org.codehaus.classworlds.Launcher.main(Launcher.java:47)

assertSingleStatement(io.shardingsphere.opentracing.ExecuteEventListenerTest)  Time elapsed: 0.001 sec  <<< FAILURE!
java.lang.AssertionError: 
Expected: is <2>
     but: was <4>
	at org.hamcrest.MatcherAssert.assertThat(MatcherAssert.java:20)
	at org.junit.Assert.assertThat(Assert.java:956)
	at org.junit.Assert.assertThat(Assert.java:923)
	at io.shardingsphere.opentracing.ExecuteEventListenerTest.assertSingleStatement(ExecuteEventListenerTest.java:74)
	at sun.reflect.NativeMethodAccessorImpl.invoke0(Native Method)
	at sun.reflect.NativeMethodAccessorImpl.invoke(NativeMethodAccessorImpl.java:62)
	at sun.reflect.DelegatingMethodAccessorImpl.invoke(DelegatingMethodAccessorImpl.java:43)
	at java.lang.reflect.Method.invoke(Method.java:498)
	at org.junit.runners.model.FrameworkMethod$1.runReflectiveCall(FrameworkMethod.java:50)
	at org.junit.internal.runners.model.ReflectiveCallable.run(ReflectiveCallable.java:12)
	at org.junit.runners.model.FrameworkMethod.invokeExplosively(FrameworkMethod.java:47)
	at org.junit.internal.runners.statements.InvokeMethod.evaluate(InvokeMethod.java:17)
	at org.junit.internal.runners.statements.RunBefores.evaluate(RunBefores.java:26)
	at org.junit.runners.ParentRunner.runLeaf(ParentRunner.java:325)
	at org.junit.runners.BlockJUnit4ClassRunner.runChild(BlockJUnit4ClassRunner.java:78)
	at org.junit.runners.BlockJUnit4ClassRunner.runChild(BlockJUnit4ClassRunner.java:57)
	at org.junit.runners.ParentRunner$3.run(ParentRunner.java:290)
	at org.junit.runners.ParentRunner$1.schedule(ParentRunner.java:71)
	at org.junit.runners.ParentRunner.runChildren(ParentRunner.java:288)
	at org.junit.runners.ParentRunner.access$000(ParentRunner.java:58)
	at org.junit.runners.ParentRunner$2.evaluate(ParentRunner.java:268)
	at org.junit.internal.runners.statements.RunBefores.evaluate(RunBefores.java:26)
	at org.junit.runners.ParentRunner.run(ParentRunner.java:363)
	at org.apache.maven.surefire.junit4.JUnit4Provider.execute(JUnit4Provider.java:252)
	at org.apache.maven.surefire.junit4.JUnit4Provider.executeTestSet(JUnit4Provider.java:141)
	at org.apache.maven.surefire.junit4.JUnit4Provider.invoke(JUnit4Provider.java:112)
	at sun.reflect.NativeMethodAccessorImpl.invoke0(Native Method)
	at sun.reflect.NativeMethodAccessorImpl.invoke(NativeMethodAccessorImpl.java:62)
	at sun.reflect.DelegatingMethodAccessorImpl.invoke(DelegatingMethodAccessorImpl.java:43)
	at java.lang.reflect.Method.invoke(Method.java:498)
	at org.apache.maven.surefire.util.ReflectionUtils.invokeMethodWithArray(ReflectionUtils.java:189)
	at org.apache.maven.surefire.booter.ProviderFactory$ProviderProxy.invoke(ProviderFactory.java:165)
	at org.apache.maven.surefire.booter.ProviderFactory.invokeProvider(ProviderFactory.java:85)
	at org.apache.maven.plugin.surefire.InPluginVMSurefireStarter.runSuitesInProcess(InPluginVMSurefireStarter.java:80)
	at org.apache.maven.plugin.surefire.AbstractSurefireMojo.executeProvider(AbstractSurefireMojo.java:724)
	at org.apache.maven.plugin.surefire.AbstractSurefireMojo.executeAllProviders(AbstractSurefireMojo.java:682)
	at org.apache.maven.plugin.surefire.AbstractSurefireMojo.executeAfterPreconditionsChecked(AbstractSurefireMojo.java:648)
	at org.apache.maven.plugin.surefire.AbstractSurefireMojo.execute(AbstractSurefireMojo.java:586)
	at org.apache.maven.plugin.DefaultBuildPluginManager.executeMojo(DefaultBuildPluginManager.java:134)
	at org.apache.maven.lifecycle.internal.MojoExecutor.execute(MojoExecutor.java:208)
	at org.apache.maven.lifecycle.internal.MojoExecutor.execute(MojoExecutor.java:154)
	at org.apache.maven.lifecycle.internal.MojoExecutor.execute(MojoExecutor.java:146)
	at org.apache.maven.lifecycle.internal.LifecycleModuleBuilder.buildProject(LifecycleModuleBuilder.java:117)
	at org.apache.maven.lifecycle.internal.LifecycleModuleBuilder.buildProject(LifecycleModuleBuilder.java:81)
	at org.apache.maven.lifecycle.internal.builder.singlethreaded.SingleThreadedBuilder.build(SingleThreadedBuilder.java:51)
	at org.apache.maven.lifecycle.internal.LifecycleStarter.execute(LifecycleStarter.java:128)
	at org.apache.maven.DefaultMaven.doExecute(DefaultMaven.java:309)
	at org.apache.maven.DefaultMaven.doExecute(DefaultMaven.java:194)
	at org.apache.maven.DefaultMaven.execute(DefaultMaven.java:107)
	at org.apache.maven.cli.MavenCli.execute(MavenCli.java:955)
	at org.apache.maven.cli.MavenCli.doMain(MavenCli.java:290)
	at org.apache.maven.cli.MavenCli.main(MavenCli.java:194)
	at sun.reflect.NativeMethodAccessorImpl.invoke0(Native Method)
	at sun.reflect.NativeMethodAccessorImpl.invoke(NativeMethodAccessorImpl.java:62)
	at sun.reflect.DelegatingMethodAccessorImpl.invoke(DelegatingMethodAccessorImpl.java:43)
	at java.lang.reflect.Method.invoke(Method.java:498)
	at org.codehaus.plexus.classworlds.launcher.Launcher.launchEnhanced(Launcher.java:289)
	at org.codehaus.plexus.classworlds.launcher.Launcher.launch(Launcher.java:229)
	at org.codehaus.plexus.classworlds.launcher.Launcher.mainWithExitCode(Launcher.java:415)
	at org.codehaus.plexus.classworlds.launcher.Launcher.main(Launcher.java:356)
	at org.codehaus.classworlds.Launcher.main(Launcher.java:47)


Results :

Failed tests:   assertMultiStatement(io.shardingsphere.opentracing.ExecuteEventListenerTest): (..)
  assertSingleStatement(io.shardingsphere.opentracing.ExecuteEventListenerTest): (..)

Tests run: 6, Failures: 2, Errors: 0, Skipped: 0

### Steps to reproduce the behavior （可重现问题的操作步骤）
Run mvn test on module sharding-opentracing
### Please provide the reproduce example codes (such as github link)，otherwise we will label the issue as Invalid and close it.（为了节省复现问题的时间，请务必提供可重现的代码，否则我们会将issue直接标记为invalid并关闭）

Code should based on https://github.com/sharding-sphere/sharding-sphere-example
（代码请基于 https://github.com/sharding-sphere/sharding-sphere-example）
