The ZookeeperOffsetHandlerTest.runOffsetManipulationinZooKeeperTest failed on Travis with 


-------------------------------------------------------
 T E S T S
-------------------------------------------------------
Running org.apache.flink.streaming.connectors.kafka.KafkaConsumerPartitionAssignmentTest
Tests run: 5, Failures: 0, Errors: 0, Skipped: 0, Time elapsed: 0.18 sec - in org.apache.flink.streaming.connectors.kafka.KafkaConsumerPartitionAssignmentTest
Running org.apache.flink.streaming.connectors.kafka.internals.ZookeeperOffsetHandlerTest
org.I0Itec.zkclient.exception.ZkTimeoutException: Unable to connect to zookeeper server within timeout: 20000
	at org.I0Itec.zkclient.ZkClient.connect(ZkClient.java:880)
	at org.I0Itec.zkclient.ZkClient.<init>(ZkClient.java:98)
	at org.I0Itec.zkclient.ZkClient.<init>(ZkClient.java:84)
	at org.apache.flink.streaming.connectors.kafka.KafkaTestBase.createZookeeperClient(KafkaTestBase.java:278)
	at org.apache.flink.streaming.connectors.kafka.internals.ZookeeperOffsetHandlerTest.runOffsetManipulationinZooKeeperTest(ZookeeperOffsetHandlerTest.java:44)
	at sun.reflect.NativeMethodAccessorImpl.invoke0(Native Method)
	at sun.reflect.NativeMethodAccessorImpl.invoke(NativeMethodAccessorImpl.java:62)
	at sun.reflect.DelegatingMethodAccessorImpl.invoke(DelegatingMethodAccessorImpl.java:43)
	at java.lang.reflect.Method.invoke(Method.java:483)
	at org.junit.runners.model.FrameworkMethod$1.runReflectiveCall(FrameworkMethod.java:47)
	at org.junit.internal.runners.model.ReflectiveCallable.run(ReflectiveCallable.java:12)
	at org.junit.runners.model.FrameworkMethod.invokeExplosively(FrameworkMethod.java:44)
	at org.junit.internal.runners.statements.InvokeMethod.evaluate(InvokeMethod.java:17)
	at org.junit.rules.TestWatcher$1.evaluate(TestWatcher.java:55)
	at org.junit.rules.RunRules.evaluate(RunRules.java:20)
	at org.junit.runners.ParentRunner.runLeaf(ParentRunner.java:271)
	at org.junit.runners.BlockJUnit4ClassRunner.runChild(BlockJUnit4ClassRunner.java:70)
	at org.junit.runners.BlockJUnit4ClassRunner.runChild(BlockJUnit4ClassRunner.java:50)
	at org.junit.runners.ParentRunner$3.run(ParentRunner.java:238)
	at org.junit.runners.ParentRunner$1.schedule(ParentRunner.java:63)
	at org.junit.runners.ParentRunner.runChildren(ParentRunner.java:236)
	at org.junit.runners.ParentRunner.access$000(ParentRunner.java:53)
	at org.junit.runners.ParentRunner$2.evaluate(ParentRunner.java:229)
	at org.junit.internal.runners.statements.RunBefores.evaluate(RunBefores.java:26)
	at org.junit.internal.runners.statements.RunAfters.evaluate(RunAfters.java:27)
	at org.junit.runners.ParentRunner.run(ParentRunner.java:309)
	at org.apache.maven.surefire.junit4.JUnit4Provider.execute(JUnit4Provider.java:283)
	at org.apache.maven.surefire.junit4.JUnit4Provider.executeWithRerun(JUnit4Provider.java:173)
	at org.apache.maven.surefire.junit4.JUnit4Provider.executeTestSet(JUnit4Provider.java:153)
	at org.apache.maven.surefire.junit4.JUnit4Provider.invoke(JUnit4Provider.java:128)
	at org.apache.maven.surefire.booter.ForkedBooter.invokeProviderInSameClassLoader(ForkedBooter.java:203)
	at org.apache.maven.surefire.booter.ForkedBooter.runSuitesInProcess(ForkedBooter.java:155)
	at org.apache.maven.surefire.booter.ForkedBooter.main(ForkedBooter.java:103)
Tests run: 1, Failures: 1, Errors: 0, Skipped: 0, Time elapsed: 43.695 sec <<< FAILURE! - in org.apache.flink.streaming.connectors.kafka.internals.ZookeeperOffsetHandlerTest
runOffsetManipulationinZooKeeperTest(org.apache.flink.streaming.connectors.kafka.internals.ZookeeperOffsetHandlerTest)  Time elapsed: 21.258 sec  <<< FAILURE!
java.lang.AssertionError: Unable to connect to zookeeper server within timeout: 20000
	at org.junit.Assert.fail(Assert.java:88)
	at org.apache.flink.streaming.connectors.kafka.internals.ZookeeperOffsetHandlerTest.runOffsetManipulationinZooKeeperTest(ZookeeperOffsetHandlerTest.java:57)

Running org.apache.flink.streaming.connectors.kafka.KafkaConsumerTest
Tests run: 3, Failures: 0, Errors: 0, Skipped: 1, Time elapsed: 0.385 sec - in org.apache.flink.streaming.connectors.kafka.KafkaConsumerTest
Running org.apache.flink.streaming.connectors.kafka.TestFixedPartitioner
Tests run: 3, Failures: 0, Errors: 0, Skipped: 0, Time elapsed: 0.009 sec - in org.apache.flink.streaming.connectors.kafka.TestFixedPartitioner

Results :

Failed tests: 
  ZookeeperOffsetHandlerTest.runOffsetManipulationinZooKeeperTest:57 Unable to connect to zookeeper server within timeout: 20000



https://s3.amazonaws.com/archive.travis-ci.org/jobs/80770637/log.txt