I saw this failure of WrapperSetupHelperTest.testCreateTopologyContext.

Tests run: 5, Failures: 1, Errors: 0, Skipped: 0, Time elapsed: 49.419 sec <<< FAILURE! - in org.apache.flink.storm.wrappers.WrapperSetupHelperTest
testCreateTopologyContext(org.apache.flink.storm.wrappers.WrapperSetupHelperTest)  Time elapsed: 47.907 sec  <<< FAILURE!
java.lang.AssertionError: null
	at org.junit.Assert.fail(Assert.java:86)
	at org.junit.Assert.assertTrue(Assert.java:41)
	at org.junit.Assert.assertTrue(Assert.java:52)
	at org.apache.flink.storm.wrappers.WrapperSetupHelperTest.testCreateTopologyContext(WrapperSetupHelperTest.java:203)

Running org.apache.flink.storm.wrappers.SpoutWrapperTest
Tests run: 7, Failures: 0, Errors: 0, Skipped: 0, Time elapsed: 1.303 sec - in org.apache.flink.storm.wrappers.SpoutWrapperTest
Running org.apache.flink.storm.wrappers.SpoutCollectorTest
Tests run: 2, Failures: 0, Errors: 0, Skipped: 0, Time elapsed: 0.023 sec - in org.apache.flink.storm.wrappers.SpoutCollectorTest
Running org.apache.flink.storm.util.StormStreamSelectorTest
Tests run: 1, Failures: 0, Errors: 0, Skipped: 0, Time elapsed: 0.001 sec - in org.apache.flink.storm.util.StormStreamSelectorTest
Running org.apache.flink.storm.api.FlinkOutputFieldsDeclarerTest
Tests run: 10, Failures: 0, Errors: 0, Skipped: 0, Time elapsed: 0.077 sec - in org.apache.flink.storm.api.FlinkOutputFieldsDeclarerTest
Running org.apache.flink.storm.api.FlinkTopologyBuilderTest
Tests run: 5, Failures: 0, Errors: 0, Skipped: 0, Time elapsed: 0.097 sec - in org.apache.flink.storm.api.FlinkTopologyBuilderTest
Running org.apache.flink.storm.api.FlinkTopologyTest
Tests run: 5, Failures: 0, Errors: 0, Skipped: 0, Time elapsed: 0.004 sec - in org.apache.flink.storm.api.FlinkTopologyTest

Results :

Failed tests: 
  WrapperSetupHelperTest.testCreateTopologyContext:203 null

Full log here .