see 
https://builds.apache.org/job/PreCommit-HBASE-Build/3494/artifact/patchprocess/patch-unit-hbase-server.txt



testCancelOfMultiGet(org.apache.hadoop.hbase.client.TestReplicasClient)  Time elapsed: 4.026 sec  <<< FAILURE!

java.lang.AssertionError: null

	at org.junit.Assert.fail(Assert.java:86)

	at org.junit.Assert.assertTrue(Assert.java:41)

	at org.junit.Assert.assertTrue(Assert.java:52)

	at org.apache.hadoop.hbase.client.TestReplicasClient.testCancelOfMultiGet(TestReplicasClient.java:579)



Tests run: 26, Failures: 0, Errors: 0, Skipped: 0, Time elapsed: 94.401 sec - in org.apache.hadoop.hbase.client.TestAdmin2

Tests run: 1, Failures: 0, Errors: 0, Skipped: 0, Time elapsed: 11.861 sec - in org.apache.hadoop.hbase.client.TestClientScannerRPCTimeout

Running org.apache.hadoop.hbase.client.TestRestoreSnapshotFromClientWithRegionReplicas

Tests run: 1, Failures: 1, Errors: 0, Skipped: 0, Time elapsed: 261.925 sec <<< FAILURE! - in org.apache.hadoop.hbase.client.TestReplicasClient

testCancelOfMultiGet(org.apache.hadoop.hbase.client.TestReplicasClient)  Time elapsed: 4.522 sec  <<< FAILURE!

java.lang.AssertionError: null

	at org.junit.Assert.fail(Assert.java:86)

	at org.junit.Assert.assertTrue(Assert.java:41)

	at org.junit.Assert.assertTrue(Assert.java:52)

	at org.apache.hadoop.hbase.client.TestReplicasClient.testCancelOfMultiGet(TestReplicasClient.java:581)



Running org.apache.hadoop.hbase.client.TestFastFail

Tests run: 2, Failures: 0, Errors: 0, Skipped: 1, Time elapsed: 3.648 sec - in org.apache.hadoop.hbase.client.TestFastFail

Tests run: 1, Failures: 1, Errors: 0, Skipped: 0, Time elapsed: 277.894 sec <<< FAILURE! - in org.apache.hadoop.hbase.client.TestReplicasClient

testCancelOfMultiGet(org.apache.hadoop.hbase.client.TestReplicasClient)  Time elapsed: 5.359 sec  <<< FAILURE!

java.lang.AssertionError: null

	at org.junit.Assert.fail(Assert.java:86)

	at org.junit.Assert.assertTrue(Assert.java:41)

	at org.junit.Assert.assertTrue(Assert.java:52)

	at org.apache.hadoop.hbase.client.TestReplicasClient.testCancelOfMultiGet(TestReplicasClient.java:579)


