-------------------------------------------------------
 T E S T S
-------------------------------------------------------
Running org.wildfly.swarm.bootstrap.util.LayoutTest
null
Tests run: 4, Failures: 0, Errors: 0, Skipped: 0, Time elapsed: 3.018 sec - in o                                                                                                                                                 rg.wildfly.swarm.bootstrap.util.LayoutTest
Running org.wildfly.swarm.bootstrap.util.MavenArtifactDescriptorTest
Tests run: 9, Failures: 0, Errors: 0, Skipped: 0, Time elapsed: 0.012 sec - in o                                                                                                                                                 rg.wildfly.swarm.bootstrap.util.MavenArtifactDescriptorTest
Running org.wildfly.swarm.bootstrap.util.WildFlySwarmApplicationConfTest
Tests run: 1, Failures: 1, Errors: 0, Skipped: 0, Time elapsed: 0.039 sec <<< FA                                                                                                                                                 ILURE! - in org.wildfly.swarm.bootstrap.util.WildFlySwarmApplicationConfTest
testRoundTripWriteRead(org.wildfly.swarm.bootstrap.util.WildFlySwarmApplicationC                                                                                                                                                 onfTest)  Time elapsed: 0.037 sec  <<< FAILURE!
']> does not contain element(s):<['gav:org.wildfly.swarm:fish:1.0']>
        at org.fest.assertions.Fail.failure(Fail.java:228)
        at org.fest.assertions.Assert.failure(Assert.java:149)
        at org.fest.assertions.ItemGroupAssert.failureIfExpectedElementsNotFound                                                                                                                                                 (ItemGroupAssert.java:102)
        at org.fest.assertions.ItemGroupAssert.assertContains(ItemGroupAssert.ja                                                                                                                                                 va:57)
        at org.fest.assertions.ObjectGroupAssert.contains(ObjectGroupAssert.java                                                                                                                                                 :51)
        at org.wildfly.swarm.bootstrap.util.WildFlySwarmApplicationConfTest.test                                                                                                                                                 RoundTripWriteRead(WildFlySwarmApplicationConfTest.java:47)
Running org.wildfly.swarm.bootstrap.util.WildFlySwarmBootstrapConfTest
Tests run: 2, Failures: 2, Errors: 0, Skipped: 0, Time elapsed: 0.048 sec <<< FA                                                                                                                                                 ILURE! - in org.wildfly.swarm.bootstrap.util.WildFlySwarmBootstrapConfTest
testRoundTripWriteRead(org.wildfly.swarm.bootstrap.util.WildFlySwarmBootstrapCon                                                                                                                                                 fTest)  Time elapsed: 0.044 sec  <<< FAILURE!
']> does not contain element(s):<['org.wildfly.swarm:dog:1.0']>
        at org.fest.assertions.Fail.failure(Fail.java:228)
        at org.fest.assertions.Assert.failure(Assert.java:149)
        at org.fest.assertions.ItemGroupAssert.failureIfExpectedElementsNotFound                                                                                                                                                 (ItemGroupAssert.java:102)
        at org.fest.assertions.ItemGroupAssert.assertContains(ItemGroupAssert.ja                                                                                                                                                 va:57)
        at org.fest.assertions.ObjectGroupAssert.contains(ObjectGroupAssert.java                                                                                                                                                 :51)
        at org.wildfly.swarm.bootstrap.util.WildFlySwarmBootstrapConfTest.testRo                                                                                                                                                 undTripWriteRead(WildFlySwarmBootstrapConfTest.java:49)
testRoundTripReadWrite(org.wildfly.swarm.bootstrap.util.WildFlySwarmBootstrapCon                                                                                                                                                 fTest)  Time elapsed: 0.001 sec  <<< FAILURE!
']> does not contain element(s):<['org.wildfly.swarm:dog:1.0']>
        at org.fest.assertions.Fail.failure(Fail.java:228)
        at org.fest.assertions.Assert.failure(Assert.java:149)
        at org.fest.assertions.ItemGroupAssert.failureIfExpectedElementsNotFound                                                                                                                                                 (ItemGroupAssert.java:102)
        at org.fest.assertions.ItemGroupAssert.assertContains(ItemGroupAssert.ja                                                                                                                                                 va:57)
        at org.fest.assertions.ObjectGroupAssert.contains(ObjectGroupAssert.java                                                                                                                                                 :51)
        at org.wildfly.swarm.bootstrap.util.WildFlySwarmBootstrapConfTest.testRo                                                                                                                                                 undTripReadWrite(WildFlySwarmBootstrapConfTest.java:92)
Running org.wildfly.swarm.bootstrap.util.WildFlySwarmDependenciesConfTest
Tests run: 1, Failures: 1, Errors: 0, Skipped: 0, Time elapsed: 0.014 sec <<< FA                                                                                                                                                 ILURE! - in org.wildfly.swarm.bootstrap.util.WildFlySwarmDependenciesConfTest
testRoundTrip(org.wildfly.swarm.bootstrap.util.WildFlySwarmDependenciesConfTest)                                                                                                                                                   Time elapsed: 0.011 sec  <<< FAILURE!
java.lang.AssertionError: <['primary:org.jboss.spec.javax.enterprise.concurrent:                                                                                                                                                 ']> does not contain element(s):<['primary:org.jboss.spec.javax.enterprise.concu                                                                                                                                                 rrent:jboss-concurrency-api_1.0_spec:1.0.0.Final']>
        at org.fest.assertions.Fail.failure(Fail.java:228)
        at org.fest.assertions.Assert.failure(Assert.java:149)
        at org.fest.assertions.ItemGroupAssert.failureIfExpectedElementsNotFound                                                                                                                                                 (ItemGroupAssert.java:102)
        at org.fest.assertions.ItemGroupAssert.assertContains(ItemGroupAssert.ja                                                                                                                                                 va:57)
        at org.fest.assertions.ObjectGroupAssert.contains(ObjectGroupAssert.java                                                                                                                                                 :51)
        at org.wildfly.swarm.bootstrap.util.WildFlySwarmDependenciesConfTest.tes                                                                                                                                                 tRoundTrip(WildFlySwarmDependenciesConfTest.java:51)
Results :
Failed tests:
  WildFlySwarmApplicationConfTest.testRoundTripWriteRead:47 <['gav:org.wildfly.s                                                                                                                                                 ']> does not contain element(s):<['gav:org.wildfly.swarm:fish:1.0']>
  WildFlySwarmBootstrapConfTest.testRoundTripReadWrite:92 <['org.wildfly.swarm:d                                                                                                                                                 ']> does not contain element(s):<['org.wildfly.swarm:dog:1.0']>
  WildFlySwarmBootstrapConfTest.testRoundTripWriteRead:49 <['org.wildfly.swarm:d                                                                                                                                                 ']> does not contain element(s):<['org.wildfly.swarm:dog:1.0']>
  WildFlySwarmDependenciesConfTest.testRoundTrip:51 <['primary:org.jboss.spec.ja                                                                                                                                                 ']> does not contain element(s):<['primary:org.jboss.spec.javax.enterprise.concu                                                                                                                                                 rrent:jboss-concurrency-api_1.0_spec:1.0.0.Final']>
Tests run: 17, Failures: 4, Errors: 0, Skipped: 0
[INFO] ------------------------------------------------------------------------
[INFO] Reactor Summary:
[INFO]
[INFO] WildFly Swarm: Build BOM ........................... SUCCESS [  5.137 s]
[INFO] WildFly Swarm: BOM for Fractions ................... SUCCESS [  0.017 s]
[INFO] WildFly Swarm: Parent .............................. SUCCESS [01:14 min]
[INFO] WildFly Swarm: Bootstrap ........................... FAILURE [ 39.389 s]
[INFO] WildFly Swarm: Container ........................... SKIPPED
....
