downloading, unpacking, kicking of build 
— shell output —
[stefan.thiel@beestef2 build-spring-webflow]$ ant -version
Apache Ant version 1.7.0 compiled on August 16 2007
[stefan.thiel@beestef2 build-spring-webflow]$ pwd
/data/workspace/spring-webflow-2.0.2.RELEASE/projects/build-spring-webflow
[stefan.thiel@beestef2 build-spring-webflow]$ ant
.... — skipped a lot of the output —
 [junit] Testsuite: org.springframework.faces.model.converter.DataModelConverterTests
[junit] Tests run: 4, Failures: 0, Errors: 0, Time elapsed: 0.015 sec
[junit] 
[junit] Testsuite: org.springframework.faces.model.converter.FacesConversionServiceTests
[junit] Tests run: 1, Failures: 0, Errors: 0, Time elapsed: 0.009 sec
[junit] 
[junit] Testsuite: org.springframework.faces.mvc.JsfViewTests
[junit] Tests run: 2, Failures: 0, Errors: 0, Time elapsed: 0.084 sec
[junit] 
[junit] Testsuite: org.springframework.faces.ui.AjaxViewRootTests
[junit] Tests run: 3, Failures: 0, Errors: 0, Time elapsed: 0.063 sec
[junit] 
[junit] Testsuite: org.springframework.faces.ui.DojoDecorationRendererTests
[junit] Tests run: 6, Failures: 1, Errors: 0, Time elapsed: 0.023 sec
[junit] 
[junit] Testcase: testGetNodeAttributesAsString_DateValue(org.springframework.faces.ui.DojoDecorationRendererTests):FAILED
[junit] expected:<....locale.parse('Nov 2[1], 1977', {selector :...> but was:<....locale.parse('Nov 2[0], 1977', {selector :...>
[junit] junit.framework.ComparisonFailure: expected:<....locale.parse('Nov 2[1], 1977', {selector :...> but was:<....locale.parse('Nov 2[0], 1977', {selector :...>
[junit]     at org.springframework.faces.ui.DojoDecorationRendererTests.testGetNodeAttributesAsString_DateValue(DojoDecorationRendererTests.java:86)
[junit] 
[junit] 
[subant] Leaving directory: /data/workspace/spring-webflow-2.0.2.RELEASE/projects/spring-faces
BUILD FAILED
/data/workspace/spring-webflow-2.0.2.RELEASE/projects/spring-build/multi-bundle/quality.xml:23: The following error occurred while executing this line:
/data/workspace/spring-webflow-2.0.2.RELEASE/projects/spring-build/multi-bundle/common.xml:71: The following error occurred while executing this line:
/data/workspace/spring-webflow-2.0.2.RELEASE/projects/spring-build/common/quality.xml:36: The following error occurred while executing this line:
/data/workspace/spring-webflow-2.0.2.RELEASE/projects/spring-build/common/quality.xml:167: Tests failed
Total time: 8 minutes 39 seconds
— end of shell output —
