New failures:
    [junit] Tests run: 26, Failures: 0, Errors: 2, Skipped: 0, Time elapsed: 106.46 sec
    [junit] Test org.apache.pig.test.TestEvalPipeline FAILED
–
    [junit] Tests run: 14, Failures: 1, Errors: 0, Skipped: 0, Time elapsed: 55.261 sec
    [junit] Test org.apache.pig.test.TestMultiQuery FAILED
–
    [junit] Tests run: 31, Failures: 1, Errors: 0, Skipped: 1, Time elapsed: 76.905 sec
    [junit] Test org.apache.pig.test.TestPigRunner FAILED
–
    [junit] Tests run: 7, Failures: 1, Errors: 0, Skipped: 0, Time elapsed: 43.832 sec
    [junit] Test org.apache.pig.test.TestPigServerLocal FAILED
–
    [junit] Tests run: 71, Failures: 0, Errors: 2, Skipped: 0, Time elapsed: 73.983 sec
    [junit] Test org.apache.pig.test.TestPruneColumn FAILED
–
    [junit] Tests run: 31, Failures: 0, Errors: 1, Skipped: 0, Time elapsed: 7.692 sec
    [junit] Test org.apache.pig.test.TestSchema FAILED
–
    [junit] Tests run: 1, Failures: 0, Errors: 1, Skipped: 0, Time elapsed: 0 sec
    [junit] Test org.apache.pig.test.TestScriptLanguage FAILED
–
    [junit] Tests run: 1, Failures: 0, Errors: 1, Skipped: 0, Time elapsed: 0 sec
    [junit] Test org.apache.pig.test.TestScriptLanguageJavaScript FAILED
–
    [junit] Tests run: 1, Failures: 0, Errors: 1, Skipped: 0, Time elapsed: 0 sec
    [junit] Test org.apache.pig.test.TestScriptUDF FAILED
–
    [junit] Tests run: 0, Failures: 0, Errors: 2, Skipped: 0, Time elapsed: 6.21 sec
    [junit] Test org.apache.pig.test.TestSkewedJoin FAILED
–
    [junit] Tests run: 0, Failures: 0, Errors: 2, Skipped: 0, Time elapsed: 6.399 sec
    [junit] Test org.apache.pig.test.TestSplitStore FAILED
–
    [junit] Tests run: 1, Failures: 0, Errors: 1, Skipped: 0, Time elapsed: 0 sec
    [junit] Test org.apache.pig.test.TestStore FAILED
–
    [junit] Tests run: 0, Failures: 0, Errors: 2, Skipped: 0, Time elapsed: 5.11 sec
    [junit] Test org.apache.pig.test.TestStoreInstances FAILED
–
    [junit] Tests run: 1, Failures: 0, Errors: 1, Skipped: 0, Time elapsed: 0 sec
    [junit] Test org.apache.pig.test.TestStoreOld FAILED
–
    [junit] Tests run: 1, Failures: 0, Errors: 1, Skipped: 0, Time elapsed: 0 sec
    [junit] Test org.apache.pig.test.TestStreaming FAILED
–
    [junit] Tests run: 1, Failures: 0, Errors: 1, Skipped: 0, Time elapsed: 0 sec
    [junit] Test org.apache.pig.test.TestToolsPigServer FAILED
–
    [junit] Tests run: 1, Failures: 0, Errors: 1, Skipped: 0, Time elapsed: 0 sec
    [junit] Test org.apache.pig.test.TestUDF FAILED